
C:\ride_project\FlollowtheSunshine\obj\motor_control.o:     file format elf32-littlearm
C:\ride_project\FlollowtheSunshine\obj\motor_control.o

Disassembly of section .text.toggleMotorDirection:

00000000 <toggleMotorDirection>:
toggleMotorDirection():
C:\ride_project\FlollowtheSunshine\src/motor_control.c:96
        break;
    }
}

void toggleMotorDirection(Motor* motor)
{
   0:	b510      	push	{r4, lr}
C:\ride_project\FlollowtheSunshine\src/motor_control.c:97
    if (motor->dir == 0) {
   2:	7b82      	ldrb	r2, [r0, #14]
C:\ride_project\FlollowtheSunshine\src/motor_control.c:96
        break;
    }
}

void toggleMotorDirection(Motor* motor)
{
   4:	4604      	mov	r4, r0
   6:	8841      	ldrh	r1, [r0, #2]
C:\ride_project\FlollowtheSunshine\src/motor_control.c:97
    if (motor->dir == 0) {
   8:	b922      	cbnz	r2, 14 <toggleMotorDirection+0x14>
C:\ride_project\FlollowtheSunshine\src/motor_control.c:98
        GPIO_WriteBit(motor->dirPort, motor->dirPin, Bit_RESET);
   a:	6840      	ldr	r0, [r0, #4]
   c:	f7ff fffe 	bl	0 <GPIO_WriteBit>
C:\ride_project\FlollowtheSunshine\src/motor_control.c:99
        motor->dir = 1;
  10:	2301      	movs	r3, #1
  12:	e003      	b.n	1c <toggleMotorDirection+0x1c>
C:\ride_project\FlollowtheSunshine\src/motor_control.c:102
    }
    else {
        GPIO_SetBits(motor->dirPort, motor->dirPin);
  14:	6840      	ldr	r0, [r0, #4]
  16:	f7ff fffe 	bl	0 <GPIO_SetBits>
C:\ride_project\FlollowtheSunshine\src/motor_control.c:103
        motor->dir = 0;
  1a:	2300      	movs	r3, #0
  1c:	73a3      	strb	r3, [r4, #14]
C:\ride_project\FlollowtheSunshine\src/motor_control.c:105
    }
}
  1e:	bd10      	pop	{r4, pc}
Disassembly of section .text.setMotorSpeedByIndex:

00000000 <setMotorSpeedByIndex>:
setMotorSpeedByIndex():
C:\ride_project\FlollowtheSunshine\src/motor_control.c:76
    TIM_Cmd(TIM4, ENABLE);
}

void setMotorSpeedByIndex(MotorConfig* motorConfig, uint8_t motorIndex, uint16_t speed)
{
    switch (motorIndex) {
   0:	2902      	cmp	r1, #2
C:\ride_project\FlollowtheSunshine\src/motor_control.c:75
    
    TIM_Cmd(TIM4, ENABLE);
}

void setMotorSpeedByIndex(MotorConfig* motorConfig, uint8_t motorIndex, uint16_t speed)
{
   2:	b510      	push	{r4, lr}
C:\ride_project\FlollowtheSunshine\src/motor_control.c:76
    switch (motorIndex) {
   4:	d009      	beq.n	1a <setMotorSpeedByIndex+0x1a>
   6:	2903      	cmp	r1, #3
   8:	d00d      	beq.n	26 <setMotorSpeedByIndex+0x26>
   a:	2901      	cmp	r1, #1
   c:	d110      	bne.n	30 <setMotorSpeedByIndex+0x30>
C:\ride_project\FlollowtheSunshine\src/motor_control.c:78
    case 1:
        TIM_OCInitStructure_PWM.TIM_Pulse = speed;
   e:	4909      	ldr	r1, [pc, #36]	(34 <setMotorSpeedByIndex+0x34>)
C:\ride_project\FlollowtheSunshine\src/motor_control.c:79
        TIM_OC1Init(motorConfig->timer, &TIM_OCInitStructure_PWM);
  10:	6b00      	ldr	r0, [r0, #48]
C:\ride_project\FlollowtheSunshine\src/motor_control.c:78

void setMotorSpeedByIndex(MotorConfig* motorConfig, uint8_t motorIndex, uint16_t speed)
{
    switch (motorIndex) {
    case 1:
        TIM_OCInitStructure_PWM.TIM_Pulse = speed;
  12:	80ca      	strh	r2, [r1, #6]
C:\ride_project\FlollowtheSunshine\src/motor_control.c:79
        TIM_OC1Init(motorConfig->timer, &TIM_OCInitStructure_PWM);
  14:	f7ff fffe 	bl	0 <TIM_OC1Init>
  18:	e00a      	b.n	30 <setMotorSpeedByIndex+0x30>
C:\ride_project\FlollowtheSunshine\src/motor_control.c:82
        break;
    case 2:
        TIM_OCInitStructure_PWM.TIM_Pulse = speed;
  1a:	4906      	ldr	r1, [pc, #24]	(34 <setMotorSpeedByIndex+0x34>)
C:\ride_project\FlollowtheSunshine\src/motor_control.c:83
        TIM_OC2Init(motorConfig->timer, &TIM_OCInitStructure_PWM);
  1c:	6b00      	ldr	r0, [r0, #48]
C:\ride_project\FlollowtheSunshine\src/motor_control.c:82
    case 1:
        TIM_OCInitStructure_PWM.TIM_Pulse = speed;
        TIM_OC1Init(motorConfig->timer, &TIM_OCInitStructure_PWM);
        break;
    case 2:
        TIM_OCInitStructure_PWM.TIM_Pulse = speed;
  1e:	80ca      	strh	r2, [r1, #6]
C:\ride_project\FlollowtheSunshine\src/motor_control.c:83
        TIM_OC2Init(motorConfig->timer, &TIM_OCInitStructure_PWM);
  20:	f7ff fffe 	bl	0 <TIM_OC2Init>
  24:	e004      	b.n	30 <setMotorSpeedByIndex+0x30>
C:\ride_project\FlollowtheSunshine\src/motor_control.c:86
        break;
    case 3:
        TIM_OCInitStructure_PWM.TIM_Pulse = speed;
  26:	4903      	ldr	r1, [pc, #12]	(34 <setMotorSpeedByIndex+0x34>)
C:\ride_project\FlollowtheSunshine\src/motor_control.c:87
        TIM_OC3Init(motorConfig->timer, &TIM_OCInitStructure_PWM);
  28:	6b00      	ldr	r0, [r0, #48]
C:\ride_project\FlollowtheSunshine\src/motor_control.c:86
    case 2:
        TIM_OCInitStructure_PWM.TIM_Pulse = speed;
        TIM_OC2Init(motorConfig->timer, &TIM_OCInitStructure_PWM);
        break;
    case 3:
        TIM_OCInitStructure_PWM.TIM_Pulse = speed;
  2a:	80ca      	strh	r2, [r1, #6]
C:\ride_project\FlollowtheSunshine\src/motor_control.c:87
        TIM_OC3Init(motorConfig->timer, &TIM_OCInitStructure_PWM);
  2c:	f7ff fffe 	bl	0 <TIM_OC3Init>
C:\ride_project\FlollowtheSunshine\src/motor_control.c:93
        break;
    default:
        // Invalid motor index
        break;
    }
}
  30:	bd10      	pop	{r4, pc}
  32:	46c0      	nop			(mov r8, r8)
  34:	00000000 	.word	0x00000000
Disassembly of section .text.initMotor:

00000000 <initMotor>:
initMotor():
C:\ride_project\FlollowtheSunshine\src/motor_control.c:9
TIM_OCInitTypeDef TIM_OCInitStructure_PWM;
    
void initMotor(MotorConfig* motorConfig)
{
    // Enable TIM and GPIO clocks
    if (motorConfig->timer == TIM1) {
   0:	6b02      	ldr	r2, [r0, #48]
   2:	4b38      	ldr	r3, [pc, #224]	(e4 <initMotor+0xe4>)
C:\ride_project\FlollowtheSunshine\src/motor_control.c:7

TIM_TimeBaseInitTypeDef TIM_TimeBaseStructure_PWM;
TIM_OCInitTypeDef TIM_OCInitStructure_PWM;
    
void initMotor(MotorConfig* motorConfig)
{
   4:	b573      	push	{r0, r1, r4, r5, r6, lr}
C:\ride_project\FlollowtheSunshine\src/motor_control.c:9
    // Enable TIM and GPIO clocks
    if (motorConfig->timer == TIM1) {
   6:	429a      	cmp	r2, r3
C:\ride_project\FlollowtheSunshine\src/motor_control.c:7

TIM_TimeBaseInitTypeDef TIM_TimeBaseStructure_PWM;
TIM_OCInitTypeDef TIM_OCInitStructure_PWM;
    
void initMotor(MotorConfig* motorConfig)
{
   8:	4606      	mov	r6, r0
C:\ride_project\FlollowtheSunshine\src/motor_control.c:9
    // Enable TIM and GPIO clocks
    if (motorConfig->timer == TIM1) {
   a:	d102      	bne.n	12 <initMotor+0x12>
C:\ride_project\FlollowtheSunshine\src/motor_control.c:10
        RCC_APB2PeriphClockCmd(RCC_APB2Periph_TIM1 | RCC_APB2Periph_GPIOA, ENABLE);
   c:	f640 0004 	movw	r0, #2052	; 0x804
  10:	e011      	b.n	36 <initMotor+0x36>
C:\ride_project\FlollowtheSunshine\src/motor_control.c:12
    }
    else if (motorConfig->timer == TIM2) {
  12:	f1b2 4f80 	cmp.w	r2, #1073741824	; 0x40000000
  16:	d101      	bne.n	1c <initMotor+0x1c>
C:\ride_project\FlollowtheSunshine\src/motor_control.c:13
        RCC_APB1PeriphClockCmd(RCC_APB1Periph_TIM2 | RCC_APB2Periph_GPIOA, ENABLE);
  18:	2005      	movs	r0, #5
  1a:	e014      	b.n	46 <initMotor+0x46>
C:\ride_project\FlollowtheSunshine\src/motor_control.c:15
    }
    else if (motorConfig->timer == TIM3) {
  1c:	4b32      	ldr	r3, [pc, #200]	(e8 <initMotor+0xe8>)
  1e:	429a      	cmp	r2, r3
  20:	d101      	bne.n	26 <initMotor+0x26>
C:\ride_project\FlollowtheSunshine\src/motor_control.c:16
        RCC_APB1PeriphClockCmd(RCC_APB1Periph_TIM3 | RCC_APB2Periph_GPIOA, ENABLE);
  22:	2006      	movs	r0, #6
  24:	e00f      	b.n	46 <initMotor+0x46>
C:\ride_project\FlollowtheSunshine\src/motor_control.c:18
    }
    else if (motorConfig->timer == TIM4) {
  26:	4b31      	ldr	r3, [pc, #196]	(ec <initMotor+0xec>)
  28:	429a      	cmp	r2, r3
  2a:	d108      	bne.n	3e <initMotor+0x3e>
C:\ride_project\FlollowtheSunshine\src/motor_control.c:20
        // TIM4 clock enable 
        RCC_APB1PeriphClockCmd(RCC_APB1Periph_TIM4, ENABLE);
  2c:	2004      	movs	r0, #4
  2e:	2101      	movs	r1, #1
  30:	f7ff fffe 	bl	0 <RCC_APB1PeriphClockCmd>
C:\ride_project\FlollowtheSunshine\src/motor_control.c:23

        // GPIOB ENABLE
        RCC_APB2PeriphClockCmd(RCC_APB2Periph_GPIOB, ENABLE);
  34:	2008      	movs	r0, #8
  36:	2101      	movs	r1, #1
  38:	f7ff fffe 	bl	0 <RCC_APB2PeriphClockCmd>
  3c:	e006      	b.n	4c <initMotor+0x4c>
C:\ride_project\FlollowtheSunshine\src/motor_control.c:25
    }
    else if (motorConfig->timer == TIM5) {
  3e:	4b2c      	ldr	r3, [pc, #176]	(f0 <initMotor+0xf0>)
  40:	429a      	cmp	r2, r3
  42:	d103      	bne.n	4c <initMotor+0x4c>
C:\ride_project\FlollowtheSunshine\src/motor_control.c:26
        RCC_APB1PeriphClockCmd(RCC_APB1Periph_TIM5 | RCC_APB2Periph_GPIOA, ENABLE);
  44:	200c      	movs	r0, #12
  46:	2101      	movs	r1, #1
  48:	f7ff fffe 	bl	0 <RCC_APB1PeriphClockCmd>
C:\ride_project\FlollowtheSunshine\src/motor_control.c:28
    }
    RCC_APB2PeriphClockCmd(RCC_APB2Periph_AFIO, ENABLE);
  4c:	2001      	movs	r0, #1
  4e:	4601      	mov	r1, r0
  50:	f7ff fffe 	bl	0 <RCC_APB2PeriphClockCmd>
C:\ride_project\FlollowtheSunshine\src/motor_control.c:33
    
    GPIO_InitTypeDef GPIO_InitStructure_PWM;

    // Configure PWM GPIO pins
    GPIO_InitStructure_PWM.GPIO_Pin = motorConfig->wheel1.pwmPin | motorConfig->wheel2.pwmPin | motorConfig->waterPump.pwmPin;
  54:	89b2      	ldrh	r2, [r6, #12]
  56:	8bb3      	ldrh	r3, [r6, #28]
C:\ride_project\FlollowtheSunshine\src/motor_control.c:36
    GPIO_InitStructure_PWM.GPIO_Mode = GPIO_Mode_AF_PP;
    GPIO_InitStructure_PWM.GPIO_Speed = GPIO_Speed_50MHz;
    GPIO_Init(motorConfig->wheel1.pwmPort, &GPIO_InitStructure_PWM);
  58:	ad01      	add	r5, sp, #4
C:\ride_project\FlollowtheSunshine\src/motor_control.c:33
    RCC_APB2PeriphClockCmd(RCC_APB2Periph_AFIO, ENABLE);
    
    GPIO_InitTypeDef GPIO_InitStructure_PWM;

    // Configure PWM GPIO pins
    GPIO_InitStructure_PWM.GPIO_Pin = motorConfig->wheel1.pwmPin | motorConfig->wheel2.pwmPin | motorConfig->waterPump.pwmPin;
  5a:	4313      	orrs	r3, r2
  5c:	8db2      	ldrh	r2, [r6, #44]
C:\ride_project\FlollowtheSunshine\src/motor_control.c:35
    GPIO_InitStructure_PWM.GPIO_Mode = GPIO_Mode_AF_PP;
    GPIO_InitStructure_PWM.GPIO_Speed = GPIO_Speed_50MHz;
  5e:	2403      	movs	r4, #3
C:\ride_project\FlollowtheSunshine\src/motor_control.c:33
    RCC_APB2PeriphClockCmd(RCC_APB2Periph_AFIO, ENABLE);
    
    GPIO_InitTypeDef GPIO_InitStructure_PWM;

    // Configure PWM GPIO pins
    GPIO_InitStructure_PWM.GPIO_Pin = motorConfig->wheel1.pwmPin | motorConfig->wheel2.pwmPin | motorConfig->waterPump.pwmPin;
  60:	4313      	orrs	r3, r2
  62:	f8ad 3004 	strh.w	r3, [sp, #4]
C:\ride_project\FlollowtheSunshine\src/motor_control.c:36
    GPIO_InitStructure_PWM.GPIO_Mode = GPIO_Mode_AF_PP;
    GPIO_InitStructure_PWM.GPIO_Speed = GPIO_Speed_50MHz;
    GPIO_Init(motorConfig->wheel1.pwmPort, &GPIO_InitStructure_PWM);
  66:	68b0      	ldr	r0, [r6, #8]
C:\ride_project\FlollowtheSunshine\src/motor_control.c:34
    
    GPIO_InitTypeDef GPIO_InitStructure_PWM;

    // Configure PWM GPIO pins
    GPIO_InitStructure_PWM.GPIO_Pin = motorConfig->wheel1.pwmPin | motorConfig->wheel2.pwmPin | motorConfig->waterPump.pwmPin;
    GPIO_InitStructure_PWM.GPIO_Mode = GPIO_Mode_AF_PP;
  68:	2318      	movs	r3, #24
C:\ride_project\FlollowtheSunshine\src/motor_control.c:36
    GPIO_InitStructure_PWM.GPIO_Speed = GPIO_Speed_50MHz;
    GPIO_Init(motorConfig->wheel1.pwmPort, &GPIO_InitStructure_PWM);
  6a:	4629      	mov	r1, r5
C:\ride_project\FlollowtheSunshine\src/motor_control.c:34
    
    GPIO_InitTypeDef GPIO_InitStructure_PWM;

    // Configure PWM GPIO pins
    GPIO_InitStructure_PWM.GPIO_Pin = motorConfig->wheel1.pwmPin | motorConfig->wheel2.pwmPin | motorConfig->waterPump.pwmPin;
    GPIO_InitStructure_PWM.GPIO_Mode = GPIO_Mode_AF_PP;
  6c:	f88d 3007 	strb.w	r3, [sp, #7]
C:\ride_project\FlollowtheSunshine\src/motor_control.c:35
    GPIO_InitStructure_PWM.GPIO_Speed = GPIO_Speed_50MHz;
  70:	f88d 4006 	strb.w	r4, [sp, #6]
C:\ride_project\FlollowtheSunshine\src/motor_control.c:36
    GPIO_Init(motorConfig->wheel1.pwmPort, &GPIO_InitStructure_PWM);
  74:	f7ff fffe 	bl	0 <GPIO_Init>
C:\ride_project\FlollowtheSunshine\src/motor_control.c:39

    // Configure Direction GPIO pins
    GPIO_InitStructure_PWM.GPIO_Pin = motorConfig->wheel1.dirPin | motorConfig->wheel2.dirPin | motorConfig->waterPump.dirPin;
  78:	8872      	ldrh	r2, [r6, #2]
  7a:	8a73      	ldrh	r3, [r6, #18]
C:\ride_project\FlollowtheSunshine\src/motor_control.c:42
    GPIO_InitStructure_PWM.GPIO_Mode = GPIO_Mode_Out_PP;
    GPIO_InitStructure_PWM.GPIO_Speed = GPIO_Speed_50MHz;
    GPIO_Init(motorConfig->wheel1.dirPort, &GPIO_InitStructure_PWM);
  7c:	6870      	ldr	r0, [r6, #4]
C:\ride_project\FlollowtheSunshine\src/motor_control.c:39
    GPIO_InitStructure_PWM.GPIO_Mode = GPIO_Mode_AF_PP;
    GPIO_InitStructure_PWM.GPIO_Speed = GPIO_Speed_50MHz;
    GPIO_Init(motorConfig->wheel1.pwmPort, &GPIO_InitStructure_PWM);

    // Configure Direction GPIO pins
    GPIO_InitStructure_PWM.GPIO_Pin = motorConfig->wheel1.dirPin | motorConfig->wheel2.dirPin | motorConfig->waterPump.dirPin;
  7e:	4313      	orrs	r3, r2
  80:	8c72      	ldrh	r2, [r6, #34]
C:\ride_project\FlollowtheSunshine\src/motor_control.c:42
    GPIO_InitStructure_PWM.GPIO_Mode = GPIO_Mode_Out_PP;
    GPIO_InitStructure_PWM.GPIO_Speed = GPIO_Speed_50MHz;
    GPIO_Init(motorConfig->wheel1.dirPort, &GPIO_InitStructure_PWM);
  82:	4629      	mov	r1, r5
C:\ride_project\FlollowtheSunshine\src/motor_control.c:39
    GPIO_InitStructure_PWM.GPIO_Mode = GPIO_Mode_AF_PP;
    GPIO_InitStructure_PWM.GPIO_Speed = GPIO_Speed_50MHz;
    GPIO_Init(motorConfig->wheel1.pwmPort, &GPIO_InitStructure_PWM);

    // Configure Direction GPIO pins
    GPIO_InitStructure_PWM.GPIO_Pin = motorConfig->wheel1.dirPin | motorConfig->wheel2.dirPin | motorConfig->waterPump.dirPin;
  84:	4313      	orrs	r3, r2
  86:	f8ad 3004 	strh.w	r3, [sp, #4]
C:\ride_project\FlollowtheSunshine\src/motor_control.c:40
    GPIO_InitStructure_PWM.GPIO_Mode = GPIO_Mode_Out_PP;
  8a:	2310      	movs	r3, #16
  8c:	f88d 3007 	strb.w	r3, [sp, #7]
C:\ride_project\FlollowtheSunshine\src/motor_control.c:41
    GPIO_InitStructure_PWM.GPIO_Speed = GPIO_Speed_50MHz;
  90:	f88d 4006 	strb.w	r4, [sp, #6]
C:\ride_project\FlollowtheSunshine\src/motor_control.c:42
    GPIO_Init(motorConfig->wheel1.dirPort, &GPIO_InitStructure_PWM);
  94:	f7ff fffe 	bl	0 <GPIO_Init>
C:\ride_project\FlollowtheSunshine\src/motor_control.c:45

    // Configure TIM Time Base
    TIM_TimeBaseStructure_PWM.TIM_Period = 999;
  98:	4916      	ldr	r1, [pc, #88]	(f4 <initMotor+0xf4>)
  9a:	f240 33e7 	movw	r3, #999	; 0x3e7
  9e:	808b      	strh	r3, [r1, #4]
C:\ride_project\FlollowtheSunshine\src/motor_control.c:46
    TIM_TimeBaseStructure_PWM.TIM_Prescaler = 71;
  a0:	f04f 0347 	mov.w	r3, #71	; 0x47
  a4:	800b      	strh	r3, [r1, #0]
C:\ride_project\FlollowtheSunshine\src/motor_control.c:47
    TIM_TimeBaseStructure_PWM.TIM_ClockDivision = 0;
  a6:	f04f 0300 	mov.w	r3, #0	; 0x0
  aa:	80cb      	strh	r3, [r1, #6]
C:\ride_project\FlollowtheSunshine\src/motor_control.c:48
    TIM_TimeBaseStructure_PWM.TIM_CounterMode = TIM_CounterMode_Up;
  ac:	804b      	strh	r3, [r1, #2]
C:\ride_project\FlollowtheSunshine\src/motor_control.c:49
    TIM_TimeBaseInit(motorConfig->timer, &TIM_TimeBaseStructure_PWM);
  ae:	6b30      	ldr	r0, [r6, #48]
  b0:	f7ff fffe 	bl	0 <TIM_TimeBaseInit>
C:\ride_project\FlollowtheSunshine\src/motor_control.c:52

    // Configure TIM Output Compare
    TIM_OCInitStructure_PWM.TIM_OCMode = TIM_OCMode_PWM1;
  b4:	4910      	ldr	r1, [pc, #64]	(f8 <initMotor+0xf8>)
  b6:	f04f 0360 	mov.w	r3, #96	; 0x60
  ba:	800b      	strh	r3, [r1, #0]
C:\ride_project\FlollowtheSunshine\src/motor_control.c:53
    TIM_OCInitStructure_PWM.TIM_OutputState = TIM_OutputState_Enable;
  bc:	f04f 0301 	mov.w	r3, #1	; 0x1
  c0:	804b      	strh	r3, [r1, #2]
C:\ride_project\FlollowtheSunshine\src/motor_control.c:54
    TIM_OCInitStructure_PWM.TIM_Pulse = 0;
  c2:	f04f 0300 	mov.w	r3, #0	; 0x0
  c6:	80cb      	strh	r3, [r1, #6]
C:\ride_project\FlollowtheSunshine\src/motor_control.c:55
    TIM_OCInitStructure_PWM.TIM_OCPolarity = TIM_OCPolarity_High;
  c8:	810b      	strh	r3, [r1, #8]
C:\ride_project\FlollowtheSunshine\src/motor_control.c:56
    TIM_OC1Init(motorConfig->timer, &TIM_OCInitStructure_PWM);
  ca:	6b30      	ldr	r0, [r6, #48]
  cc:	f7ff fffe 	bl	0 <TIM_OC1Init>
C:\ride_project\FlollowtheSunshine\src/motor_control.c:57
    TIM_OC1PreloadConfig(motorConfig->timer, TIM_OCPreload_Enable);
  d0:	6b30      	ldr	r0, [r6, #48]
  d2:	2108      	movs	r1, #8
  d4:	f7ff fffe 	bl	0 <TIM_OC1PreloadConfig>
C:\ride_project\FlollowtheSunshine\src/motor_control.c:71
    TIM_OCInitStructure_PWM.TIM_Pulse = 0;//CCR2_Val;
    TIM_OC3Init(TIM4, &TIM_OCInitStructure_PWM);
    TIM_OC3PreloadConfig(TIM4, TIM_OCPreload_Enable);
    */
    
    TIM_Cmd(TIM4, ENABLE);
  d8:	4804      	ldr	r0, [pc, #16]	(ec <initMotor+0xec>)
  da:	2101      	movs	r1, #1
  dc:	f7ff fffe 	bl	0 <TIM_Cmd>
C:\ride_project\FlollowtheSunshine\src/motor_control.c:72
}
  e0:	bd7c      	pop	{r2, r3, r4, r5, r6, pc}
  e2:	46c0      	nop			(mov r8, r8)
  e4:	40012c00 	.word	0x40012c00
  e8:	40000400 	.word	0x40000400
  ec:	40000800 	.word	0x40000800
  f0:	40000c00 	.word	0x40000c00
	...
