
C:\ride_project\FlollowtheSunshine\obj\soil_moisture_sensor.o:     file format elf32-littlearm
C:\ride_project\FlollowtheSunshine\obj\soil_moisture_sensor.o

Disassembly of section .text.readSoilMoistureValue:

00000000 <readSoilMoistureValue>:
readSoilMoistureValue():
C:\ride_project\FlollowtheSunshine\src/soil_moisture_sensor.c:48
    while (ADC_GetCalibrationStatus(adc))
        ;
}

uint16_t readSoilMoistureValue(SoilMoisture* sensor)
{
   0:	b570      	push	{r4, r5, r6, lr}
C:\ride_project\FlollowtheSunshine\src/soil_moisture_sensor.c:49
    ADC_SoftwareStartConvCmd(sensor->adc, ENABLE);
   2:	2101      	movs	r1, #1
C:\ride_project\FlollowtheSunshine\src/soil_moisture_sensor.c:48
    while (ADC_GetCalibrationStatus(adc))
        ;
}

uint16_t readSoilMoistureValue(SoilMoisture* sensor)
{
   4:	4605      	mov	r5, r0
C:\ride_project\FlollowtheSunshine\src/soil_moisture_sensor.c:49
    ADC_SoftwareStartConvCmd(sensor->adc, ENABLE);
   6:	6880      	ldr	r0, [r0, #8]
   8:	f7ff fffe 	bl	0 <ADC_SoftwareStartConvCmd>
C:\ride_project\FlollowtheSunshine\src/soil_moisture_sensor.c:50
    while (ADC_GetFlagStatus(sensor->adc, ADC_FLAG_EOC) == RESET)
   c:	68a8      	ldr	r0, [r5, #8]
   e:	2102      	movs	r1, #2
  10:	f7ff fffe 	bl	0 <ADC_GetFlagStatus>
  14:	2800      	cmp	r0, #0
  16:	d0f9      	beq.n	c <readSoilMoistureValue+0xc>
C:\ride_project\FlollowtheSunshine\src/soil_moisture_sensor.c:52
        ;
    uint16_t moistureValue = ADC_GetConversionValue(sensor->adc);
  18:	68a8      	ldr	r0, [r5, #8]
  1a:	f7ff fffe 	bl	0 <ADC_GetConversionValue>
C:\ride_project\FlollowtheSunshine\src/soil_moisture_sensor.c:53
    ADC_SoftwareStartConvCmd(sensor->adc, DISABLE);
  1e:	2100      	movs	r1, #0
C:\ride_project\FlollowtheSunshine\src/soil_moisture_sensor.c:52
uint16_t readSoilMoistureValue(SoilMoisture* sensor)
{
    ADC_SoftwareStartConvCmd(sensor->adc, ENABLE);
    while (ADC_GetFlagStatus(sensor->adc, ADC_FLAG_EOC) == RESET)
        ;
    uint16_t moistureValue = ADC_GetConversionValue(sensor->adc);
  20:	4604      	mov	r4, r0
C:\ride_project\FlollowtheSunshine\src/soil_moisture_sensor.c:53
    ADC_SoftwareStartConvCmd(sensor->adc, DISABLE);
  22:	68a8      	ldr	r0, [r5, #8]
  24:	f7ff fffe 	bl	0 <ADC_SoftwareStartConvCmd>
C:\ride_project\FlollowtheSunshine\src/soil_moisture_sensor.c:56

    return moistureValue;
}
  28:	4620      	mov	r0, r4
  2a:	bd70      	pop	{r4, r5, r6, pc}
Disassembly of section .text.initSoilMoistureSensor:

00000000 <initSoilMoistureSensor>:
initSoilMoistureSensor():
C:\ride_project\FlollowtheSunshine\src/soil_moisture_sensor.c:4
#include "soil_moisture_sensor.h"

void initSoilMoistureSensor(SoilMoisture* sensor, GPIO_TypeDef* port, uint16_t pin, ADC_TypeDef* adc, uint8_t channel)
{
   0:	b5f0      	push	{r4, r5, r6, r7, lr}
   2:	b087      	sub	sp, #28
   4:	f89d 7030 	ldrb.w	r7, [sp, #48]
   8:	461d      	mov	r5, r3
C:\ride_project\FlollowtheSunshine\src/soil_moisture_sensor.c:10
    ADC_InitTypeDef ADC_InitStructure;
    GPIO_InitTypeDef GPIO_InitStructure;

    sensor->port = port;
    sensor->pin = pin;
    sensor->adc = adc;
   a:	6083      	str	r3, [r0, #8]
C:\ride_project\FlollowtheSunshine\src/soil_moisture_sensor.c:13
    sensor->channel = channel;

    if (adc == ADC1) {
   c:	4b26      	ldr	r3, [pc, #152]	(a8 <initSoilMoistureSensor+0xa8>)
C:\ride_project\FlollowtheSunshine\src/soil_moisture_sensor.c:4
#include "soil_moisture_sensor.h"

void initSoilMoistureSensor(SoilMoisture* sensor, GPIO_TypeDef* port, uint16_t pin, ADC_TypeDef* adc, uint8_t channel)
{
   e:	460e      	mov	r6, r1
C:\ride_project\FlollowtheSunshine\src/soil_moisture_sensor.c:13
    sensor->port = port;
    sensor->pin = pin;
    sensor->adc = adc;
    sensor->channel = channel;

    if (adc == ADC1) {
  10:	429d      	cmp	r5, r3
C:\ride_project\FlollowtheSunshine\src/soil_moisture_sensor.c:4
#include "soil_moisture_sensor.h"

void initSoilMoistureSensor(SoilMoisture* sensor, GPIO_TypeDef* port, uint16_t pin, ADC_TypeDef* adc, uint8_t channel)
{
  12:	4614      	mov	r4, r2
C:\ride_project\FlollowtheSunshine\src/soil_moisture_sensor.c:8
    ADC_InitTypeDef ADC_InitStructure;
    GPIO_InitTypeDef GPIO_InitStructure;

    sensor->port = port;
  14:	6001      	str	r1, [r0, #0]
C:\ride_project\FlollowtheSunshine\src/soil_moisture_sensor.c:9
    sensor->pin = pin;
  16:	8082      	strh	r2, [r0, #4]
C:\ride_project\FlollowtheSunshine\src/soil_moisture_sensor.c:11
    sensor->adc = adc;
    sensor->channel = channel;
  18:	7307      	strb	r7, [r0, #12]
C:\ride_project\FlollowtheSunshine\src/soil_moisture_sensor.c:13

    if (adc == ADC1) {
  1a:	d102      	bne.n	22 <initSoilMoistureSensor+0x22>
C:\ride_project\FlollowtheSunshine\src/soil_moisture_sensor.c:14
        RCC_APB2PeriphClockCmd(RCC_APB2Periph_ADC1, ENABLE);
  1c:	f44f 7000 	mov.w	r0, #512	; 0x200
  20:	e00a      	b.n	38 <initSoilMoistureSensor+0x38>
C:\ride_project\FlollowtheSunshine\src/soil_moisture_sensor.c:16
    }
    else if (adc == ADC2) {
  22:	4b22      	ldr	r3, [pc, #136]	(ac <initSoilMoistureSensor+0xac>)
  24:	429d      	cmp	r5, r3
  26:	d102      	bne.n	2e <initSoilMoistureSensor+0x2e>
C:\ride_project\FlollowtheSunshine\src/soil_moisture_sensor.c:17
        RCC_APB2PeriphClockCmd(RCC_APB2Periph_ADC2, ENABLE);
  28:	f44f 6080 	mov.w	r0, #1024	; 0x400
  2c:	e004      	b.n	38 <initSoilMoistureSensor+0x38>
C:\ride_project\FlollowtheSunshine\src/soil_moisture_sensor.c:19
    }
    else if (adc == ADC3) {
  2e:	4b20      	ldr	r3, [pc, #128]	(b0 <initSoilMoistureSensor+0xb0>)
  30:	429d      	cmp	r5, r3
  32:	d104      	bne.n	3e <initSoilMoistureSensor+0x3e>
C:\ride_project\FlollowtheSunshine\src/soil_moisture_sensor.c:20
        RCC_APB2PeriphClockCmd(RCC_APB2Periph_ADC3, ENABLE);
  34:	f44f 4000 	mov.w	r0, #32768	; 0x8000
  38:	2101      	movs	r1, #1
  3a:	f7ff fffe 	bl	0 <RCC_APB2PeriphClockCmd>
C:\ride_project\FlollowtheSunshine\src/soil_moisture_sensor.c:23
    }

    GPIO_InitStructure.GPIO_Pin = pin;
  3e:	f8ad 4014 	strh.w	r4, [sp, #20]
C:\ride_project\FlollowtheSunshine\src/soil_moisture_sensor.c:25
    GPIO_InitStructure.GPIO_Mode = GPIO_Mode_AIN;
    GPIO_Init(port, &GPIO_InitStructure);
  42:	4630      	mov	r0, r6
C:\ride_project\FlollowtheSunshine\src/soil_moisture_sensor.c:24
    else if (adc == ADC3) {
        RCC_APB2PeriphClockCmd(RCC_APB2Periph_ADC3, ENABLE);
    }

    GPIO_InitStructure.GPIO_Pin = pin;
    GPIO_InitStructure.GPIO_Mode = GPIO_Mode_AIN;
  44:	2400      	movs	r4, #0
C:\ride_project\FlollowtheSunshine\src/soil_moisture_sensor.c:25
    GPIO_Init(port, &GPIO_InitStructure);
  46:	a905      	add	r1, sp, #20
C:\ride_project\FlollowtheSunshine\src/soil_moisture_sensor.c:24
    else if (adc == ADC3) {
        RCC_APB2PeriphClockCmd(RCC_APB2Periph_ADC3, ENABLE);
    }

    GPIO_InitStructure.GPIO_Pin = pin;
    GPIO_InitStructure.GPIO_Mode = GPIO_Mode_AIN;
  48:	f88d 4017 	strb.w	r4, [sp, #23]
C:\ride_project\FlollowtheSunshine\src/soil_moisture_sensor.c:25
    GPIO_Init(port, &GPIO_InitStructure);
  4c:	f7ff fffe 	bl	0 <GPIO_Init>
C:\ride_project\FlollowtheSunshine\src/soil_moisture_sensor.c:30

    ADC_InitStructure.ADC_Mode = ADC_Mode_Independent;
    ADC_InitStructure.ADC_ScanConvMode = DISABLE;
    ADC_InitStructure.ADC_ContinuousConvMode = DISABLE;
    ADC_InitStructure.ADC_ExternalTrigConv = ADC_ExternalTrigConv_None;
  50:	f44f 2360 	mov.w	r3, #917504	; 0xe0000
C:\ride_project\FlollowtheSunshine\src/soil_moisture_sensor.c:27

    GPIO_InitStructure.GPIO_Pin = pin;
    GPIO_InitStructure.GPIO_Mode = GPIO_Mode_AIN;
    GPIO_Init(port, &GPIO_InitStructure);

    ADC_InitStructure.ADC_Mode = ADC_Mode_Independent;
  54:	9400      	str	r4, [sp, #0]
C:\ride_project\FlollowtheSunshine\src/soil_moisture_sensor.c:28
    ADC_InitStructure.ADC_ScanConvMode = DISABLE;
  56:	f88d 4004 	strb.w	r4, [sp, #4]
C:\ride_project\FlollowtheSunshine\src/soil_moisture_sensor.c:29
    ADC_InitStructure.ADC_ContinuousConvMode = DISABLE;
  5a:	f88d 4005 	strb.w	r4, [sp, #5]
C:\ride_project\FlollowtheSunshine\src/soil_moisture_sensor.c:31
    ADC_InitStructure.ADC_ExternalTrigConv = ADC_ExternalTrigConv_None;
    ADC_InitStructure.ADC_DataAlign = ADC_DataAlign_Right;
  5e:	9403      	str	r4, [sp, #12]
C:\ride_project\FlollowtheSunshine\src/soil_moisture_sensor.c:33
    ADC_InitStructure.ADC_NbrOfChannel = 1;
    ADC_Init(adc, &ADC_InitStructure);
  60:	4628      	mov	r0, r5
C:\ride_project\FlollowtheSunshine\src/soil_moisture_sensor.c:32
    ADC_InitStructure.ADC_Mode = ADC_Mode_Independent;
    ADC_InitStructure.ADC_ScanConvMode = DISABLE;
    ADC_InitStructure.ADC_ContinuousConvMode = DISABLE;
    ADC_InitStructure.ADC_ExternalTrigConv = ADC_ExternalTrigConv_None;
    ADC_InitStructure.ADC_DataAlign = ADC_DataAlign_Right;
    ADC_InitStructure.ADC_NbrOfChannel = 1;
  62:	3401      	adds	r4, #1
C:\ride_project\FlollowtheSunshine\src/soil_moisture_sensor.c:33
    ADC_Init(adc, &ADC_InitStructure);
  64:	4669      	mov	r1, sp
C:\ride_project\FlollowtheSunshine\src/soil_moisture_sensor.c:30
    GPIO_Init(port, &GPIO_InitStructure);

    ADC_InitStructure.ADC_Mode = ADC_Mode_Independent;
    ADC_InitStructure.ADC_ScanConvMode = DISABLE;
    ADC_InitStructure.ADC_ContinuousConvMode = DISABLE;
    ADC_InitStructure.ADC_ExternalTrigConv = ADC_ExternalTrigConv_None;
  66:	9302      	str	r3, [sp, #8]
C:\ride_project\FlollowtheSunshine\src/soil_moisture_sensor.c:32
    ADC_InitStructure.ADC_DataAlign = ADC_DataAlign_Right;
    ADC_InitStructure.ADC_NbrOfChannel = 1;
  68:	f88d 4010 	strb.w	r4, [sp, #16]
C:\ride_project\FlollowtheSunshine\src/soil_moisture_sensor.c:33
    ADC_Init(adc, &ADC_InitStructure);
  6c:	f7ff fffe 	bl	0 <ADC_Init>
C:\ride_project\FlollowtheSunshine\src/soil_moisture_sensor.c:35

    ADC_RegularChannelConfig(adc, channel, 1, ADC_SampleTime_13Cycles5);
  70:	4628      	mov	r0, r5
  72:	4639      	mov	r1, r7
  74:	4622      	mov	r2, r4
  76:	2302      	movs	r3, #2
  78:	f7ff fffe 	bl	0 <ADC_RegularChannelConfig>
C:\ride_project\FlollowtheSunshine\src/soil_moisture_sensor.c:37

    ADC_Cmd(adc, ENABLE);
  7c:	4628      	mov	r0, r5
  7e:	4621      	mov	r1, r4
  80:	f7ff fffe 	bl	0 <ADC_Cmd>
C:\ride_project\FlollowtheSunshine\src/soil_moisture_sensor.c:39

    ADC_ResetCalibration(adc);
  84:	4628      	mov	r0, r5
  86:	f7ff fffe 	bl	0 <ADC_ResetCalibration>
C:\ride_project\FlollowtheSunshine\src/soil_moisture_sensor.c:40
    while (ADC_GetResetCalibrationStatus(adc))
  8a:	4628      	mov	r0, r5
  8c:	f7ff fffe 	bl	0 <ADC_GetResetCalibrationStatus>
  90:	2800      	cmp	r0, #0
  92:	d1fa      	bne.n	8a <initSoilMoistureSensor+0x8a>
C:\ride_project\FlollowtheSunshine\src/soil_moisture_sensor.c:42
        ;
    ADC_StartCalibration(adc);
  94:	4628      	mov	r0, r5
  96:	f7ff fffe 	bl	0 <ADC_StartCalibration>
C:\ride_project\FlollowtheSunshine\src/soil_moisture_sensor.c:43
    while (ADC_GetCalibrationStatus(adc))
  9a:	4628      	mov	r0, r5
  9c:	f7ff fffe 	bl	0 <ADC_GetCalibrationStatus>
  a0:	2800      	cmp	r0, #0
  a2:	d1fa      	bne.n	9a <ADC_GetCalibrationStatus+0x9a>
C:\ride_project\FlollowtheSunshine\src/soil_moisture_sensor.c:45
        ;
}
  a4:	b007      	add	sp, #28
  a6:	bdf0      	pop	{r4, r5, r6, r7, pc}
  a8:	40012400 	.word	0x40012400
  ac:	40012800 	.word	0x40012800
  b0:	40013c00 	.word	0x40013c00
